# JRE version: OpenJDK Runtime Environment Microsoft-9889599 (17.0.12+7) (build 17.0.12+7-LTS)
# Java VM: OpenJDK 64-Bit Server VM Microsoft-9889599 (17.0.12+7-LTS, mixed mode, sharing, tiered, compressed oops, compressed class ptrs, g1 gc, windows-amd64)
GC Precious Log:
 CPUs: 12 total, 12 available
 Memory: 7876M
 Large Page Support: Disabled
 NUMA Support: Disabled
 Compressed Oops: Enabled (32-bit)
 Heap Region Size: 1M
 Heap Min Capacity: 8M
 Heap Initial Capacity: 124M
 Heap Max Capacity: 2G
 Pre-touch: Disabled
 Parallel Workers: 10
 Concurrent Workers: 3
 Concurrent Refinement Workers: 10
 Periodic GC: Disabled
Heap:
 garbage-first heap   total 237568K, used 165188K [0x0000000080000000, 0x0000000100000000)
  region size 1024K, 6 young (6144K), 6 survivors (6144K)
 Metaspace       used 105180K, committed 106368K, reserved 999424K
  class space    used 14619K, committed 15168K, reserved 868352K
GC Heap History (20 events):
Event: 99.493 GC heap after
{Heap after GC invocations=48 (full 0):
 garbage-first heap   total 168960K, used 121807K [0x0000000080000000, 0x0000000100000000)
  region size 1024K, 4 young (4096K), 4 survivors (4096K)
 Metaspace       used 102253K, committed 103296K, reserved 999424K
  class space    used 14139K, committed 14592K, reserved 868352K
}
Event: 100.424 GC heap before
{Heap before GC invocations=48 (full 0):
 garbage-first heap   total 168960K, used 146383K [0x0000000080000000, 0x0000000100000000)
  region size 1024K, 28 young (28672K), 4 survivors (4096K)
 Metaspace       used 102440K, committed 103424K, reserved 999424K
  class space    used 14145K, committed 14592K, reserved 868352K
}
Event: 100.443 GC heap after
{Heap after GC invocations=49 (full 0):
 garbage-first heap   total 168960K, used 126329K [0x0000000080000000, 0x0000000100000000)
  region size 1024K, 4 young (4096K), 4 survivors (4096K)
 Metaspace       used 102440K, committed 103424K, reserved 999424K
  class space    used 14145K, committed 14592K, reserved 868352K
}
Event: 100.707 GC heap before
{Heap before GC invocations=49 (full 0):
 garbage-first heap   total 168960K, used 143737K [0x0000000080000000, 0x0000000100000000)
  region size 1024K, 22 young (22528K), 4 survivors (4096K)
 Metaspace       used 102451K, committed 103488K, reserved 999424K
  class space    used 14145K, committed 14592K, reserved 868352K
}
Event: 100.723 GC heap after
{Heap after GC invocations=50 (full 0):
 garbage-first heap   total 168960K, used 127657K [0x0000000080000000, 0x0000000100000000)
  region size 1024K, 3 young (3072K), 3 survivors (3072K)
 Metaspace       used 102451K, committed 103488K, reserved 999424K
  class space    used 14145K, committed 14592K, reserved 868352K
}
Event: 101.019 GC heap before
{Heap before GC invocations=51 (full 0):
 garbage-first heap   total 237568K, used 143017K [0x0000000080000000, 0x0000000100000000)
  region size 1024K, 19 young (19456K), 3 survivors (3072K)
 Metaspace       used 102451K, committed 103488K, reserved 999424K
  class space    used 14145K, committed 14592K, reserved 868352K
}
Event: 101.029 GC heap after
{Heap after GC invocations=52 (full 0):
 garbage-first heap   total 237568K, used 128181K [0x0000000080000000, 0x0000000100000000)
  region size 1024K, 3 young (3072K), 3 survivors (3072K)
 Metaspace       used 102451K, committed 103488K, reserved 999424K
  class space    used 14145K, committed 14592K, reserved 868352K
}
Event: 101.149 GC heap before
{Heap before GC invocations=52 (full 0):
 garbage-first heap   total 237568K, used 135349K [0x0000000080000000, 0x0000000100000000)
  region size 1024K, 11 young (11264K), 3 survivors (3072K)
 Metaspace       used 102451K, committed 103488K, reserved 999424K
  class space    used 14145K, committed 14592K, reserved 868352K
}
Event: 101.162 GC heap after
{Heap after GC invocations=53 (full 0):
 garbage-first heap   total 237568K, used 125418K [0x0000000080000000, 0x0000000100000000)
  region size 1024K, 2 young (2048K), 2 survivors (2048K)
 Metaspace       used 102451K, committed 103488K, reserved 999424K
  class space    used 14145K, committed 14592K, reserved 868352K
}
Event: 102.015 GC heap before
{Heap before GC invocations=53 (full 0):
 garbage-first heap   total 237568K, used 190954K [0x0000000080000000, 0x0000000100000000)
  region size 1024K, 67 young (68608K), 2 survivors (2048K)
 Metaspace       used 102451K, committed 103488K, reserved 999424K
  class space    used 14145K, committed 14592K, reserved 868352K
}
Event: 102.021 GC heap after
{Heap after GC invocations=54 (full 0):
 garbage-first heap   total 237568K, used 127411K [0x0000000080000000, 0x0000000100000000)
  region size 1024K, 4 young (4096K), 4 survivors (4096K)
 Metaspace       used 102451K, committed 103488K, reserved 999424K
  class space    used 14145K, committed 14592K, reserved 868352K
}
Event: 107.090 GC heap before
{Heap before GC invocations=54 (full 0):
 garbage-first heap   total 237568K, used 197043K [0x0000000080000000, 0x0000000100000000)
  region size 1024K, 69 young (70656K), 4 survivors (4096K)
 Metaspace       used 103703K, committed 104832K, reserved 999424K
  class space    used 14418K, committed 14912K, reserved 868352K
}
Event: 107.113 GC heap after
{Heap after GC invocations=55 (full 0):
 garbage-first heap   total 237568K, used 141609K [0x0000000080000000, 0x0000000100000000)
  region size 1024K, 9 young (9216K), 9 survivors (9216K)
 Metaspace       used 103703K, committed 104832K, reserved 999424K
  class space    used 14418K, committed 14912K, reserved 868352K
}
Event: 108.722 GC heap before
{Heap before GC invocations=55 (full 0):
 garbage-first heap   total 237568K, used 191785K [0x0000000080000000, 0x0000000100000000)
  region size 1024K, 59 young (60416K), 9 survivors (9216K)
 Metaspace       used 104303K, committed 105472K, reserved 999424K
  class space    used 14509K, committed 15040K, reserved 868352K
}
Event: 108.738 GC heap after
{Heap after GC invocations=56 (full 0):
 garbage-first heap   total 237568K, used 149288K [0x0000000080000000, 0x0000000100000000)
  region size 1024K, 8 young (8192K), 8 survivors (8192K)
 Metaspace       used 104303K, committed 105472K, reserved 999424K
  class space    used 14509K, committed 15040K, reserved 868352K
}
Event: 109.896 GC heap before
{Heap before GC invocations=56 (full 0):
 garbage-first heap   total 237568K, used 192296K [0x0000000080000000, 0x0000000100000000)
  region size 1024K, 51 young (52224K), 8 survivors (8192K)
 Metaspace       used 104521K, committed 105664K, reserved 999424K
  class space    used 14528K, committed 15040K, reserved 868352K
}
Event: 109.907 GC heap after
{Heap after GC invocations=57 (full 0):
 garbage-first heap   total 237568K, used 153565K [0x0000000080000000, 0x0000000100000000)
  region size 1024K, 7 young (7168K), 7 survivors (7168K)
 Metaspace       used 104521K, committed 105664K, reserved 999424K
  class space    used 14528K, committed 15040K, reserved 868352K
}
Event: 110.143 GC heap before
{Heap before GC invocations=57 (full 0):
 garbage-first heap   total 237568K, used 193501K [0x0000000080000000, 0x0000000100000000)
  region size 1024K, 47 young (48128K), 7 survivors (7168K)
 Metaspace       used 104521K, committed 105664K, reserved 999424K
  class space    used 14528K, committed 15040K, reserved 868352K
}
Event: 110.152 GC heap after
{Heap after GC invocations=58 (full 0):
 garbage-first heap   total 237568K, used 154904K [0x0000000080000000, 0x0000000100000000)
  region size 1024K, 4 young (4096K), 4 survivors (4096K)
 Metaspace       used 104521K, committed 105664K, reserved 999424K
  class space    used 14528K, committed 15040K, reserved 868352K
}
Event: 111.408 GC heap before
{Heap before GC invocations=58 (full 0):
 garbage-first heap   total 237568K, used 197912K [0x0000000080000000, 0x0000000100000000)
  region size 1024K, 45 young (46080K), 4 survivors (4096K)
 Metaspace       used 105180K, committed 106368K, reserved 999424K
  class space    used 14619K, committed 15168K, reserved 868352K
}

